----------------------------------------------------------------------------
|                             DescribeInstances                            |
+--------------------------------------------------------------------------+
||                              Reservations                              ||
|+-----------------------------+------------------------------------------+|
||  OwnerId                    |  941943450086                            ||
||  ReservationId              |  r-02d26ee594b93eed1                     ||
|+-----------------------------+------------------------------------------+|
|||                               Instances                              |||
||+------------------------+---------------------------------------------+||
|||  AmiLaunchIndex        |  0                                          |||
|||  Architecture          |  x86_64                                     |||
|||  ClientToken           |                                             |||
|||  EbsOptimized          |  False                                      |||
|||  Hypervisor            |  xen                                        |||
|||  ImageId               |  ami-da4694a2                               |||
|||  InstanceId            |  i-0ddc1507c0de6a14c                        |||
|||  InstanceType          |  t1.micro                                   |||
|||  KernelId              |  aki-70cb0e10                               |||
|||  KeyName               |  CaseStudy001                               |||
|||  LaunchTime            |  2018-01-04T02:01:42.000Z                   |||
|||  PrivateDnsName        |  ip-10-0-0-30.us-west-2.compute.internal    |||
|||  PrivateIpAddress      |  10.0.0.30                                  |||
|||  PublicDnsName         |                                             |||
|||  RootDeviceName        |  /dev/sda1                                  |||
|||  RootDeviceType        |  ebs                                        |||
|||  SourceDestCheck       |  True                                       |||
|||  StateTransitionReason |  User initiated (2018-01-04 03:00:42 GMT)   |||
|||  SubnetId              |  subnet-9c98b4d4                            |||
|||  VirtualizationType    |  paravirtual                                |||
|||  VpcId                 |  vpc-33dc104a                               |||
||+------------------------+---------------------------------------------+||
||||                         BlockDeviceMappings                        ||||
|||+----------------------------------+---------------------------------+|||
||||  DeviceName                      |  /dev/sda1                      ||||
|||+----------------------------------+---------------------------------+|||
|||||                                Ebs                               |||||
||||+-----------------------------+------------------------------------+||||
|||||  AttachTime                 |  2018-01-04T02:01:43.000Z          |||||
|||||  DeleteOnTermination        |  True                              |||||
|||||  Status                     |  attached                          |||||
|||||  VolumeId                   |  vol-00fb76e4ff2caa368             |||||
||||+-----------------------------+------------------------------------+||||
||||                             Monitoring                             ||||
|||+----------------------------+---------------------------------------+|||
||||  State                     |  disabled                             ||||
|||+----------------------------+---------------------------------------+|||
||||                          NetworkInterfaces                         ||||
|||+----------------------+---------------------------------------------+|||
||||  Description         |  Primary network interface                  ||||
||||  MacAddress          |  06:16:2a:8a:1b:24                          ||||
||||  NetworkInterfaceId  |  eni-54dc0161                               ||||
||||  OwnerId             |  941943450086                               ||||
||||  PrivateDnsName      |  ip-10-0-0-30.us-west-2.compute.internal    ||||
||||  PrivateIpAddress    |  10.0.0.30                                  ||||
||||  SourceDestCheck     |  True                                       ||||
||||  Status              |  in-use                                     ||||
||||  SubnetId            |  subnet-9c98b4d4                            ||||
||||  VpcId               |  vpc-33dc104a                               ||||
|||+----------------------+---------------------------------------------+|||
|||||                            Attachment                            |||||
||||+-----------------------------+------------------------------------+||||
|||||  AttachTime                 |  2018-01-04T02:01:42.000Z          |||||
|||||  AttachmentId               |  eni-attach-0e7ce6fe               |||||
|||||  DeleteOnTermination        |  True                              |||||
|||||  DeviceIndex                |  0                                 |||||
|||||  Status                     |  attached                          |||||
||||+-----------------------------+------------------------------------+||||
|||||                              Groups                              |||||
||||+------------------------------+-----------------------------------+||||
|||||  GroupId                     |  sg-e27a2a9e                      |||||
|||||  GroupName                   |  bastion                          |||||
||||+------------------------------+-----------------------------------+||||
|||||                        PrivateIpAddresses                        |||||
||||+--------------------+---------------------------------------------+||||
|||||  Primary           |  True                                       |||||
|||||  PrivateDnsName    |  ip-10-0-0-30.us-west-2.compute.internal    |||||
|||||  PrivateIpAddress  |  10.0.0.30                                  |||||
||||+--------------------+---------------------------------------------+||||
||||                              Placement                             ||||
|||+---------------------------------------+----------------------------+|||
||||  AvailabilityZone                     |  us-west-2a                ||||
||||  GroupName                            |                            ||||
||||  Tenancy                              |  default                   ||||
|||+---------------------------------------+----------------------------+|||
||||                           SecurityGroups                           ||||
|||+------------------------------+-------------------------------------+|||
||||  GroupId                     |  sg-e27a2a9e                        ||||
||||  GroupName                   |  bastion                            ||||
|||+------------------------------+-------------------------------------+|||
||||                                State                               ||||
|||+---------------------------+----------------------------------------+|||
||||  Code                     |  80                                    ||||
||||  Name                     |  stopped                               ||||
|||+---------------------------+----------------------------------------+|||
||||                             StateReason                            ||||
|||+---------+----------------------------------------------------------+|||
||||  Code   |  Client.UserInitiatedShutdown                            ||||
||||  Message|  Client.UserInitiatedShutdown: User initiated shutdown   ||||
|||+---------+----------------------------------------------------------+|||
||||                                Tags                                ||||
|||+------------------------------------+-------------------------------+|||
||||                 Key                |             Value             ||||
|||+------------------------------------+-------------------------------+|||
||||  CaseStudy                         |  #001                         ||||
||||  Stack                             |  Bastion                      ||||
|||+------------------------------------+-------------------------------+|||
